<?xml version="1.0" encoding="UTF-8"?>
<testng-results skipped="1" failed="1" ignored="0" total="3" passed="1">
  <reporter-output>
  </reporter-output>
  <suite name="Default suite" duration-ms="1252" started-at="2020-05-08T16:47:29 IST" finished-at="2020-05-08T16:47:30 IST">
    <groups>
    </groups>
    <test name="Default test" duration-ms="1252" started-at="2020-05-08T16:47:29 IST" finished-at="2020-05-08T16:47:30 IST">
      <class name="Testcases.TestNGExtentReports4">
        <test-method status="PASS" signature="setReport()[pri:0, instance:Testcases.TestNGExtentReports4@27a8c74e]" name="setReport" is-config="true" duration-ms="217" started-at="2020-05-08T16:47:29 IST" finished-at="2020-05-08T16:47:29 IST">
          <reporter-output>
          </reporter-output>
        </test-method> <!-- setReport -->
        <test-method status="PASS" signature="doLogin()[pri:0, instance:Testcases.TestNGExtentReports4@27a8c74e]" name="doLogin" duration-ms="17" started-at="2020-05-08T16:47:29 IST" finished-at="2020-05-08T16:47:29 IST">
          <reporter-output>
          </reporter-output>
        </test-method> <!-- doLogin -->
        <test-method status="PASS" signature="tearDown(org.testng.ITestResult)[pri:0, instance:Testcases.TestNGExtentReports4@27a8c74e]" name="tearDown" is-config="true" duration-ms="0" started-at="2020-05-08T16:47:29 IST" finished-at="2020-05-08T16:47:29 IST">
          <params>
            <param index="0">
              <value>
                <![CDATA[[TestResult name=doLogin status=SUCCESS method=TestNGExtentReports4.doLogin()[pri:0, instance:Testcases.TestNGExtentReports4@27a8c74e] output={null}]]]>
              </value>
            </param>
          </params>
          <reporter-output>
          </reporter-output>
        </test-method> <!-- tearDown -->
        <test-method status="FAIL" signature="doUserReg()[pri:0, instance:Testcases.TestNGExtentReports4@27a8c74e]" name="doUserReg" duration-ms="0" started-at="2020-05-08T16:47:29 IST" finished-at="2020-05-08T16:47:29 IST">
          <exception class="java.lang.AssertionError">
            <message>
              <![CDATA[Failing the test case]]>
            </message>
            <full-stacktrace>
              <![CDATA[java.lang.AssertionError: Failing the test case
at org.testng.Assert.fail(Assert.java:97)
at Testcases.TestNGExtentReports4.doUserReg(TestNGExtentReports4.java:78)
at sun.reflect.NativeMethodAccessorImpl.invoke0(Native Method)
at sun.reflect.NativeMethodAccessorImpl.invoke(NativeMethodAccessorImpl.java:62)
at sun.reflect.DelegatingMethodAccessorImpl.invoke(DelegatingMethodAccessorImpl.java:43)
at java.lang.reflect.Method.invoke(Method.java:498)
at org.testng.internal.MethodInvocationHelper.invokeMethod(MethodInvocationHelper.java:134)
at org.testng.internal.TestInvoker.invokeMethod(TestInvoker.java:597)
at org.testng.internal.TestInvoker.invokeTestMethod(TestInvoker.java:173)
at org.testng.internal.MethodRunner.runInSequence(MethodRunner.java:46)
at org.testng.internal.TestInvoker$MethodInvocationAgent.invoke(TestInvoker.java:816)
at org.testng.internal.TestInvoker.invokeTestMethods(TestInvoker.java:146)
at org.testng.internal.TestMethodWorker.invokeTestMethods(TestMethodWorker.java:146)
at org.testng.internal.TestMethodWorker.run(TestMethodWorker.java:128)
at java.util.ArrayList.forEach(ArrayList.java:1257)
at org.testng.TestRunner.privateRun(TestRunner.java:766)
at org.testng.TestRunner.run(TestRunner.java:587)
at org.testng.SuiteRunner.runTest(SuiteRunner.java:384)
at org.testng.SuiteRunner.runSequentially(SuiteRunner.java:378)
at org.testng.SuiteRunner.privateRun(SuiteRunner.java:337)
at org.testng.SuiteRunner.run(SuiteRunner.java:286)
at org.testng.SuiteRunnerWorker.runSuite(SuiteRunnerWorker.java:53)
at org.testng.SuiteRunnerWorker.run(SuiteRunnerWorker.java:96)
at org.testng.TestNG.runSuitesSequentially(TestNG.java:1187)
at org.testng.TestNG.runSuitesLocally(TestNG.java:1109)
at org.testng.TestNG.runSuites(TestNG.java:1039)
at org.testng.TestNG.run(TestNG.java:1007)
at org.testng.remote.AbstractRemoteTestNG.run(AbstractRemoteTestNG.java:115)
at org.testng.remote.RemoteTestNG.initAndRun(RemoteTestNG.java:251)
at org.testng.remote.RemoteTestNG.main(RemoteTestNG.java:77)
]]>
            </full-stacktrace>
          </exception> <!-- java.lang.AssertionError -->
          <reporter-output>
          </reporter-output>
        </test-method> <!-- doUserReg -->
        <test-method status="PASS" signature="tearDown(org.testng.ITestResult)[pri:0, instance:Testcases.TestNGExtentReports4@27a8c74e]" name="tearDown" is-config="true" duration-ms="0" started-at="2020-05-08T16:47:29 IST" finished-at="2020-05-08T16:47:29 IST">
          <params>
            <param index="0">
              <value>
                <![CDATA[[TestResult name=doUserReg status=FAILURE method=TestNGExtentReports4.doUserReg()[pri:0, instance:Testcases.TestNGExtentReports4@27a8c74e] output={null}]]]>
              </value>
            </param>
          </params>
          <reporter-output>
          </reporter-output>
        </test-method> <!-- tearDown -->
        <test-method status="SKIP" signature="isSkip()[pri:0, instance:Testcases.TestNGExtentReports4@27a8c74e]" name="isSkip" duration-ms="16" started-at="2020-05-08T16:47:29 IST" finished-at="2020-05-08T16:47:29 IST">
          <exception class="org.testng.SkipException">
            <message>
              <![CDATA[Skipping the test case]]>
            </message>
            <full-stacktrace>
              <![CDATA[org.testng.SkipException: Skipping the test case
at Testcases.TestNGExtentReports4.isSkip(TestNGExtentReports4.java:90)
at sun.reflect.NativeMethodAccessorImpl.invoke0(Native Method)
at sun.reflect.NativeMethodAccessorImpl.invoke(NativeMethodAccessorImpl.java:62)
at sun.reflect.DelegatingMethodAccessorImpl.invoke(DelegatingMethodAccessorImpl.java:43)
at java.lang.reflect.Method.invoke(Method.java:498)
at org.testng.internal.MethodInvocationHelper.invokeMethod(MethodInvocationHelper.java:134)
at org.testng.internal.TestInvoker.invokeMethod(TestInvoker.java:597)
at org.testng.internal.TestInvoker.invokeTestMethod(TestInvoker.java:173)
at org.testng.internal.MethodRunner.runInSequence(MethodRunner.java:46)
at org.testng.internal.TestInvoker$MethodInvocationAgent.invoke(TestInvoker.java:816)
at org.testng.internal.TestInvoker.invokeTestMethods(TestInvoker.java:146)
at org.testng.internal.TestMethodWorker.invokeTestMethods(TestMethodWorker.java:146)
at org.testng.internal.TestMethodWorker.run(TestMethodWorker.java:128)
at java.util.ArrayList.forEach(ArrayList.java:1257)
at org.testng.TestRunner.privateRun(TestRunner.java:766)
at org.testng.TestRunner.run(TestRunner.java:587)
at org.testng.SuiteRunner.runTest(SuiteRunner.java:384)
at org.testng.SuiteRunner.runSequentially(SuiteRunner.java:378)
at org.testng.SuiteRunner.privateRun(SuiteRunner.java:337)
at org.testng.SuiteRunner.run(SuiteRunner.java:286)
at org.testng.SuiteRunnerWorker.runSuite(SuiteRunnerWorker.java:53)
at org.testng.SuiteRunnerWorker.run(SuiteRunnerWorker.java:96)
at org.testng.TestNG.runSuitesSequentially(TestNG.java:1187)
at org.testng.TestNG.runSuitesLocally(TestNG.java:1109)
at org.testng.TestNG.runSuites(TestNG.java:1039)
at org.testng.TestNG.run(TestNG.java:1007)
at org.testng.remote.AbstractRemoteTestNG.run(AbstractRemoteTestNG.java:115)
at org.testng.remote.RemoteTestNG.initAndRun(RemoteTestNG.java:251)
at org.testng.remote.RemoteTestNG.main(RemoteTestNG.java:77)
]]>
            </full-stacktrace>
          </exception> <!-- org.testng.SkipException -->
          <reporter-output>
          </reporter-output>
        </test-method> <!-- isSkip -->
        <test-method status="PASS" signature="closeReport()[pri:0, instance:Testcases.TestNGExtentReports4@27a8c74e]" name="closeReport" is-config="true" duration-ms="905" started-at="2020-05-08T16:47:30 IST" finished-at="2020-05-08T16:47:30 IST">
          <reporter-output>
          </reporter-output>
        </test-method> <!-- closeReport -->
        <test-method status="PASS" signature="tearDown(org.testng.ITestResult)[pri:0, instance:Testcases.TestNGExtentReports4@27a8c74e]" name="tearDown" is-config="true" duration-ms="0" started-at="2020-05-08T16:47:30 IST" finished-at="2020-05-08T16:47:30 IST">
          <params>
            <param index="0">
              <value>
                <![CDATA[[TestResult name=isSkip status=SKIP method=TestNGExtentReports4.isSkip()[pri:0, instance:Testcases.TestNGExtentReports4@27a8c74e] output={null}]]]>
              </value>
            </param>
          </params>
          <reporter-output>
          </reporter-output>
        </test-method> <!-- tearDown -->
      </class> <!-- Testcases.TestNGExtentReports4 -->
    </test> <!-- Default test -->
  </suite> <!-- Default suite -->
</testng-results>
